<?xml version="1.0" encoding="UTF-8"?>
<testsuite xmlns:xsi="http://www.w3.org/2001/XMLSchema-instance" xsi:noNamespaceSchemaLocation="https://maven.apache.org/surefire/maven-surefire-plugin/xsd/surefire-test-report.xsd" version="3.0.2" name="se.chasacademy.library.integration.BookIntegrationTest" time="3.009" tests="4" errors="0" skipped="0" failures="0">
  <properties>
[...]
</properties>
  <testcase name="getBookById_shouldReturn200WithCorrectBook" classname="se.chasacademy.library.integration.BookIntegrationTest" time="0.58">
    <system-out><![CDATA[10:02:54.859 [main] INFO org.springframework.test.context.support.AnnotationConfigContextLoaderUtils -- Could not detect default configuration classes for test class [se.chasacademy.library.integration.BookIntegrationTest]: BookIntegrationTest does not declare any static, non-private, non-final, nested classes annotated with @Configuration.
10:02:54.919 [main] INFO org.springframework.boot.test.context.SpringBootTestContextBootstrapper -- Found @SpringBootConfiguration se.chasacademy.library.LibraryApiApplication for test class se.chasacademy.library.integration.BookIntegrationTest

  .   ____          _            __ _ _
 /\\ / ___'_ __ _ _(_)_ __  __ _ \ \ \ \
( ( )\___ | '_ | '_| | '_ \/ _` | \ \ \ \
 \\/  ___)| |_)| | | | | || (_| |  ) ) ) )
  '  |____| .__|_| |_|_| |_\__, | / / / /
 =========|_|==============|___/=/_/_/_/

 :: Spring Boot ::                (v3.4.4)

2026-04-16T10:02:55.106+02:00  INFO 33014 --- [           main] s.c.l.integration.BookIntegrationTest    : Starting BookIntegrationTest using Java 25.0.1 with PID 33014 (started by davidm.alrefai in /Volumes/T7/Desktop/fullstack_java/Projects/ChasAcademy/API_Backnd/library-api)
2026-04-16T10:02:55.106+02:00  INFO 33014 --- [           main] s.c.l.integration.BookIntegrationTest    : No active profile set, falling back to 1 default profile: "default"
2026-04-16T10:02:55.448+02:00  INFO 33014 --- [           main] .s.d.r.c.RepositoryConfigurationDelegate : Bootstrapping Spring Data JPA repositories in DEFAULT mode.
2026-04-16T10:02:55.480+02:00  INFO 33014 --- [           main] .s.d.r.c.RepositoryConfigurationDelegate : Finished Spring Data repository scanning in 28 ms. Found 1 JPA repository interface.
2026-04-16T10:02:55.728+02:00  INFO 33014 --- [           main] o.s.b.w.embedded.tomcat.TomcatWebServer  : Tomcat initialized with port 0 (http)
2026-04-16T10:02:55.736+02:00  INFO 33014 --- [           main] o.apache.catalina.core.StandardService   : Starting service [Tomcat]
2026-04-16T10:02:55.736+02:00  INFO 33014 --- [           main] o.apache.catalina.core.StandardEngine    : Starting Servlet engine: [Apache Tomcat/10.1.39]
2026-04-16T10:02:55.757+02:00  INFO 33014 --- [           main] o.a.c.c.C.[Tomcat].[localhost].[/]       : Initializing Spring embedded WebApplicationContext
2026-04-16T10:02:55.758+02:00  INFO 33014 --- [           main] w.s.c.ServletWebServerApplicationContext : Root WebApplicationContext: initialization completed in 643 ms
2026-04-16T10:02:55.850+02:00  INFO 33014 --- [           main] o.hibernate.jpa.internal.util.LogHelper  : HHH000204: Processing PersistenceUnitInfo [name: default]
2026-04-16T10:02:55.880+02:00  INFO 33014 --- [           main] org.hibernate.Version                    : HHH000412: Hibernate ORM core version 6.6.11.Final
2026-04-16T10:02:55.906+02:00  INFO 33014 --- [           main] o.h.c.internal.RegionFactoryInitiator    : HHH000026: Second-level cache disabled
2026-04-16T10:02:56.038+02:00  INFO 33014 --- [           main] o.s.o.j.p.SpringPersistenceUnitInfo      : No LoadTimeWeaver setup: ignoring JPA class transformer
2026-04-16T10:02:56.052+02:00  INFO 33014 --- [           main] com.zaxxer.hikari.HikariDataSource       : HikariPool-1 - Starting...
2026-04-16T10:02:56.139+02:00  INFO 33014 --- [           main] com.zaxxer.hikari.pool.HikariPool        : HikariPool-1 - Added connection conn0: url=jdbc:h2:mem:testdb user=SA
2026-04-16T10:02:56.140+02:00  INFO 33014 --- [           main] com.zaxxer.hikari.HikariDataSource       : HikariPool-1 - Start completed.
2026-04-16T10:02:56.154+02:00  WARN 33014 --- [           main] org.hibernate.orm.deprecation            : HHH90000025: H2Dialect does not need to be specified explicitly using 'hibernate.dialect' (remove the property setting and it will be selected by default)
2026-04-16T10:02:56.165+02:00  INFO 33014 --- [           main] org.hibernate.orm.connections.pooling    : HHH10001005: Database info:
	Database JDBC URL [Connecting through datasource 'HikariDataSource (HikariPool-1)']
	Database driver: undefined/unknown
	Database version: 2.3.232
	Autocommit mode: undefined/unknown
	Isolation level: undefined/unknown
	Minimum pool size: undefined/unknown
	Maximum pool size: undefined/unknown
2026-04-16T10:02:56.547+02:00  INFO 33014 --- [           main] o.h.e.t.j.p.i.JtaPlatformInitiator       : HHH000489: No JTA platform available (set 'hibernate.transaction.jta.platform' to enable JTA platform integration)
2026-04-16T10:02:56.568+02:00  INFO 33014 --- [           main] j.LocalContainerEntityManagerFactoryBean : Initialized JPA EntityManagerFactory for persistence unit 'default'
2026-04-16T10:02:56.703+02:00  WARN 33014 --- [           main] JpaBaseConfiguration$JpaWebConfiguration : spring.jpa.open-in-view is enabled by default. Therefore, database queries may be performed during view rendering. Explicitly configure spring.jpa.open-in-view to disable this warning
2026-04-16T10:02:57.030+02:00  INFO 33014 --- [           main] o.s.b.w.embedded.tomcat.TomcatWebServer  : Tomcat started on port 55358 (http) with context path '/'
2026-04-16T10:02:57.036+02:00  INFO 33014 --- [           main] s.c.l.integration.BookIntegrationTest    : Started BookIntegrationTest in 2.046 seconds (process running for 2.541)
2026-04-16T10:02:57.508+02:00  INFO 33014 --- [o-auto-1-exec-1] o.a.c.c.C.[Tomcat].[localhost].[/]       : Initializing Spring DispatcherServlet 'dispatcherServlet'
2026-04-16T10:02:57.508+02:00  INFO 33014 --- [o-auto-1-exec-1] o.s.web.servlet.DispatcherServlet        : Initializing Servlet 'dispatcherServlet'
2026-04-16T10:02:57.508+02:00  INFO 33014 --- [o-auto-1-exec-1] o.s.web.servlet.DispatcherServlet        : Completed initialization in 0 ms
]]></system-out>
    <system-err><![CDATA[Mockito is currently self-attaching to enable the inline-mock-maker. This will no longer work in future releases of the JDK. Please add Mockito as an agent to your build what is described in Mockito's documentation: https://javadoc.io/doc/org.mockito/mockito-core/latest/org/mockito/Mockito.html#0.3
WARNING: A Java agent has been loaded dynamically (/Users/davidm.alrefai/.m2/repository/net/bytebuddy/byte-buddy-agent/1.15.11/byte-buddy-agent-1.15.11.jar)
WARNING: If a serviceability tool is in use, please run with -XX:+EnableDynamicAgentLoading to hide this warning
WARNING: If a serviceability tool is not in use, please run with -Djdk.instrument.traceUsage for more information
WARNING: Dynamic loading of agents will be disallowed by default in a future release
]]></system-err>
  </testcase>
  <testcase name="createBook_shouldReturn201AndPersistBook" classname="se.chasacademy.library.integration.BookIntegrationTest" time="0.147"/>
  <testcase name="createBook_blankTitle_shouldReturn400" classname="se.chasacademy.library.integration.BookIntegrationTest" time="0.017"/>
  <testcase name="getBookById_nonExistentId_shouldReturn404" classname="se.chasacademy.library.integration.BookIntegrationTest" time="0.008"/>
</testsuite>